TN:
SF:/home/topiana-/live_projects/github/red-tetris/src/client/actions/alert.js
FN:4,alert
FN:12,alertclear
FNF:2
FNH:1
FNDA:4,alert
FNDA:0,alertclear
LF:0
LH:0
BRF:0
BRH:0
end_of_record
TN:
SF:/home/topiana-/live_projects/github/red-tetris/src/client/actions/auth.js
FN:7,login
FN:8,(anonymous_2)
FN:22,(anonymous_3)
FNF:3
FNH:3
FNDA:15,login
FNDA:15,(anonymous_2)
FNDA:1,(anonymous_3)
DA:12,15
DA:21,2
DA:27,1
LF:3
LH:3
BRDA:12,1,0,13
BRDA:12,1,1,2
BRDA:21,2,0,1
BRDA:21,2,1,1
BRDA:27,3,0,0
BRDA:27,3,1,1
BRF:6
BRH:5
end_of_record
TN:
SF:/home/topiana-/live_projects/github/red-tetris/src/client/actions/server.js
FN:6,ping
FN:7,(anonymous_2)
FN:18,logaction
FNF:3
FNH:3
FNDA:3,ping
FNDA:3,(anonymous_2)
FNDA:63,logaction
DA:10,3
LF:1
LH:1
BRDA:10,1,0,1
BRDA:10,1,1,2
BRF:2
BRH:2
end_of_record
TN:
SF:/home/topiana-/live_projects/github/red-tetris/src/client/actions/tetris.js
FN:10,move
FN:24,gameover
FN:30,winmatch
FN:36,startmatch
FN:37,(anonymous_5)
FN:54,readystate
FN:55,(anonymous_7)
FNF:7
FNH:6
FNDA:31,move
FNDA:2,gameover
FNDA:0,winmatch
FNDA:14,startmatch
FNDA:14,(anonymous_5)
FNDA:2,readystate
FNDA:2,(anonymous_7)
DA:40,14
DA:58,2
LF:2
LH:2
BRDA:40,1,0,1
BRDA:40,1,1,13
BRDA:40,2,0,14
BRDA:40,2,1,14
BRDA:58,3,0,0
BRDA:58,3,1,2
BRDA:58,4,0,2
BRDA:58,4,1,2
BRF:8
BRH:7
end_of_record
TN:
SF:/home/topiana-/live_projects/github/red-tetris/src/client/index.js
FN:58,(anonymous_4)
FN:65,(anonymous_6)
FNF:2
FNH:0
FNDA:0,(anonymous_4)
FNDA:0,(anonymous_6)
LF:0
LH:0
BRF:0
BRH:0
end_of_record
TN:
SF:/home/topiana-/live_projects/github/red-tetris/src/client/middleware/alertMiddleware.js
FN:5,(anonymous_3)
FNF:1
FNH:1
FNDA:379,(anonymous_3)
DA:7,379
LF:1
LH:1
BRDA:7,1,0,4
BRDA:7,1,1,375
BRF:2
BRH:2
end_of_record
TN:
SF:/home/topiana-/live_projects/github/red-tetris/src/client/middleware/socketMiddleware.js
FN:4,(anonymous_4)
FNF:1
FNH:1
FNDA:379,(anonymous_4)
DA:5,379
DA:8,63
LF:2
LH:2
BRDA:5,1,0,63
BRDA:5,1,1,316
BRDA:5,2,0,379
BRDA:5,2,1,379
BRDA:8,3,0,61
BRDA:8,3,1,2
BRDA:8,4,0,63
BRDA:8,4,1,61
BRDA:8,4,2,61
BRF:9
BRH:9
end_of_record
TN:
SF:/home/topiana-/live_projects/github/red-tetris/src/client/middleware/storeStateMiddleware.js
FN:4,storeStateMiddleware
FN:5,(anonymous_3)
FNF:2
FNH:0
FNDA:0,storeStateMiddleware
FNDA:0,(anonymous_3)
LF:0
LH:0
BRF:0
BRH:0
end_of_record
TN:
SF:/home/topiana-/live_projects/github/red-tetris/src/client/reducers/alert.js
FN:3,reducer
FNF:1
FNH:1
FNDA:401,reducer
LF:0
LH:0
BRDA:3,1,0,379
BRDA:3,1,1,22
BRDA:3,2,0,401
BRDA:3,2,1,401
BRDA:6,3,0,4
BRDA:6,3,1,0
BRDA:6,3,2,397
BRF:7
BRH:6
end_of_record
TN:
SF:/home/topiana-/live_projects/github/red-tetris/src/client/reducers/index.js
FNF:0
FNH:0
LF:0
LH:0
BRF:0
BRH:0
end_of_record
TN:
SF:/home/topiana-/live_projects/github/red-tetris/src/client/reducers/lobby.js
FN:3,reducer
FNF:1
FNH:1
FNDA:401,reducer
LF:0
LH:0
BRDA:3,1,0,379
BRDA:3,1,1,22
BRDA:3,2,0,401
BRDA:3,2,1,401
BRDA:7,3,0,88
BRDA:7,3,1,313
BRF:6
BRH:6
end_of_record
TN:
SF:/home/topiana-/live_projects/github/red-tetris/src/client/reducers/server.js
FN:3,reducer
FNF:1
FNH:1
FNDA:401,reducer
DA:24,63
LF:1
LH:1
BRDA:3,1,0,379
BRDA:3,1,1,22
BRDA:3,2,0,401
BRDA:3,2,1,401
BRDA:6,3,0,17
BRDA:6,3,1,2
BRDA:6,3,2,1
BRDA:6,3,3,63
BRDA:6,3,4,318
BRDA:24,4,0,17
BRDA:24,4,1,46
BRF:11
BRH:11
end_of_record
TN:
SF:/home/topiana-/live_projects/github/red-tetris/src/client/reducers/tetris.js
FN:22,reducer
FNF:1
FNH:1
FNDA:401,reducer
DA:35,2
DA:52,25
DA:82,1
LF:3
LH:3
BRDA:22,1,0,379
BRDA:22,1,1,22
BRDA:22,2,0,401
BRDA:22,2,1,401
BRDA:26,3,0,2
BRDA:26,3,1,2
BRDA:26,3,2,17
BRDA:26,3,3,25
BRDA:26,3,4,25
BRDA:26,3,5,25
BRDA:26,3,6,0
BRDA:26,3,7,1
BRDA:26,3,8,1
BRDA:26,3,9,1
BRDA:26,3,10,1
BRDA:26,3,11,1
BRDA:26,3,12,25
BRDA:26,3,13,275
BRDA:35,4,0,0
BRDA:35,4,1,2
BRDA:35,5,0,2
BRDA:35,5,1,2
BRDA:52,6,0,0
BRDA:52,6,1,25
BRDA:52,7,0,25
BRDA:52,7,1,25
BRDA:82,8,0,0
BRDA:82,8,1,1
BRDA:82,9,0,1
BRDA:82,9,1,1
BRF:30
BRH:26
end_of_record
TN:
SF:/home/topiana-/live_projects/github/red-tetris/src/client/reducers/user.js
FN:5,reducer
FNF:1
FNH:1
FNDA:401,reducer
DA:17,88
DA:33,26
LF:2
LH:2
BRDA:5,1,0,379
BRDA:5,1,1,22
BRDA:5,2,0,401
BRDA:5,2,1,401
BRDA:9,3,0,11
BRDA:9,3,1,88
BRDA:17,4,0,79
BRDA:17,4,1,9
BRDA:33,5,0,0
BRDA:33,5,1,26
BRDA:33,6,0,26
BRDA:33,6,1,26
BRF:12
BRH:11
end_of_record
TN:
SF:/home/topiana-/live_projects/github/red-tetris/src/server/actions/auth.js
FN:5,login
FN:13,logout
FN:14,(anonymous_4)
FNF:3
FNH:3
FNDA:11,login
FNDA:11,logout
FNDA:11,(anonymous_4)
DA:18,11
LF:1
LH:1
BRDA:18,1,0,0
BRDA:18,1,1,11
BRF:2
BRH:1
end_of_record
TN:
SF:/home/topiana-/live_projects/github/red-tetris/src/server/actions/lobby.js
FN:47,requpdate
FN:56,lobbystate
FN:63,(anonymous_3)
FNF:3
FNH:3
FNDA:36,requpdate
FNDA:63,lobbystate
FNDA:80,(anonymous_3)
DA:60,63
DA:65,80
DA:67,80
LF:3
LH:3
BRDA:60,1,0,0
BRDA:60,1,1,63
BRDA:65,2,0,80
BRDA:65,2,1,0
BRDA:67,3,0,54
BRDA:67,3,1,26
BRDA:74,4,0,20
BRDA:81,5,0,2
BRF:8
BRH:6
end_of_record
TN:
SF:/home/topiana-/live_projects/github/red-tetris/src/server/actions/monitor.js
FN:3,queuecheck
FNF:1
FNH:0
FNDA:0,queuecheck
DA:3,1
LF:1
LH:1
BRF:0
BRH:0
end_of_record
TN:
SF:/home/topiana-/live_projects/github/red-tetris/src/server/actions/tetris.js
FN:9,startmatch
FN:10,(anonymous_3)
FN:23,seedNewBlock
FN:24,(anonymous_5)
FN:40,winmatch
FN:41,(anonymous_7)
FN:59,highscore
FN:60,(anonymous_9)
FN:75,endmatch
FN:76,(anonymous_11)
FN:90,deletelobby
FN:91,(anonymous_13)
FNF:12
FNH:8
FNDA:0,startmatch
FNDA:0,(anonymous_3)
FNDA:0,seedNewBlock
FNDA:0,(anonymous_5)
FNDA:1,winmatch
FNDA:1,(anonymous_7)
FNDA:2,highscore
FNDA:2,(anonymous_9)
FNDA:2,endmatch
FNDA:2,(anonymous_11)
FNDA:9,deletelobby
FNDA:9,(anonymous_13)
DA:13,0
DA:27,0
DA:45,1
DA:48,1
DA:64,2
DA:80,2
DA:94,9
LF:7
LH:5
BRDA:13,1,0,0
BRDA:13,1,1,0
BRDA:27,2,0,0
BRDA:27,2,1,0
BRDA:45,3,0,0
BRDA:45,3,1,1
BRDA:48,4,0,0
BRDA:48,4,1,1
BRDA:64,5,0,0
BRDA:64,5,1,2
BRDA:80,6,0,0
BRDA:80,6,1,2
BRDA:94,7,0,0
BRDA:94,7,1,9
BRF:14
BRH:5
end_of_record
TN:
SF:/home/topiana-/live_projects/github/red-tetris/src/server/classes/Game.js
FN:54,Game
FN:63,get
FN:63,set
FN:99,(anonymous_16)
FNF:4
FNH:4
FNDA:11,Game
FNDA:379,get
FNDA:11,set
FNDA:148,(anonymous_16)
DA:54,2
DA:66,379
DA:70,232
DA:79,11
DA:108,2
DA:123,2
DA:124,1
DA:125,1
DA:134,0
DA:136,0
DA:143,0
DA:192,11
DA:225,2
LF:13
LH:10
BRDA:66,1,0,147
BRDA:66,1,1,232
BRDA:70,2,0,232
BRDA:70,2,1,0
BRDA:79,3,0,11
BRDA:79,3,1,0
BRDA:101,4,0,2
BRDA:101,4,1,0
BRDA:101,4,2,25
BRDA:101,4,3,121
BRDA:101,4,4,0
BRDA:108,5,0,2
BRDA:108,5,1,0
BRDA:123,6,0,1
BRDA:123,6,1,1
BRDA:125,7,0,1
BRDA:125,7,1,0
BRDA:136,8,0,0
BRDA:136,8,1,0
BRDA:143,9,0,0
BRDA:143,9,1,0
BRDA:146,10,0,0
BRDA:146,10,1,0
BRDA:146,10,2,0
BRF:24
BRH:11
end_of_record
TN:
SF:/home/topiana-/live_projects/github/red-tetris/src/server/classes/Lobby.js
FN:49,Lobby
FN:97,(anonymous_12)
FNF:2
FNH:2
FNDA:9,Lobby
FNDA:5,(anonymous_12)
DA:49,2
DA:51,9
DA:79,11
DA:82,11
DA:89,2
DA:90,0
DA:118,13
DA:126,11
DA:127,11
DA:139,1
DA:150,3
LF:11
LH:10
BRDA:51,1,0,0
BRDA:51,1,1,9
BRDA:79,2,0,6
BRDA:79,2,1,5
BRDA:79,3,0,11
BRDA:79,3,1,6
BRDA:82,4,0,9
BRDA:82,4,1,2
BRDA:89,5,0,0
BRDA:89,5,1,2
BRDA:99,6,0,1
BRDA:99,6,1,2
BRDA:99,6,2,2
BRDA:99,6,3,0
BRDA:118,7,0,11
BRDA:118,7,1,2
BRDA:126,8,0,11
BRDA:126,8,1,0
BRDA:127,9,0,11
BRDA:127,9,1,0
BRDA:139,10,0,0
BRDA:139,10,1,1
BRDA:150,11,0,1
BRDA:150,11,1,2
BRF:24
BRH:18
end_of_record
TN:
SF:/home/topiana-/live_projects/github/red-tetris/src/server/classes/Player.js
FN:40,Player
FN:88,(anonymous_9)
FN:96,(anonymous_11)
FN:144,action
FNF:4
FNH:2
FNDA:17,Player
FNDA:0,(anonymous_9)
FNDA:0,(anonymous_11)
FNDA:25,action
DA:40,2
DA:77,40
DA:80,40
DA:89,0
DA:92,0
DA:98,0
DA:110,34
DA:160,29
DA:163,0
DA:192,25
DA:205,0
DA:216,25
DA:268,1
DA:271,1
DA:274,1
DA:295,1
DA:309,1
DA:323,1
DA:337,25
DA:359,2
LF:20
LH:15
BRDA:45,1,0,17
BRDA:45,1,1,0
BRDA:77,2,0,0
BRDA:77,2,1,40
BRDA:77,3,0,40
BRDA:77,3,1,40
BRDA:80,4,0,23
BRDA:80,4,1,17
BRDA:92,5,0,0
BRDA:92,5,1,0
BRDA:98,6,0,0
BRDA:98,6,1,0
BRDA:126,7,0,1
BRDA:126,7,1,1
BRDA:126,7,2,1
BRDA:126,7,3,1
BRDA:126,7,4,25
BRDA:126,7,5,0
BRDA:126,7,6,0
BRDA:128,8,0,0
BRDA:128,8,1,1
BRDA:160,9,0,0
BRDA:160,9,1,29
BRDA:163,10,0,0
BRDA:163,10,1,0
BRDA:192,11,0,2
BRDA:192,11,1,23
BRDA:192,12,0,25
BRDA:192,12,1,25
BRDA:205,13,0,0
BRDA:205,13,1,0
BRDA:216,14,0,0
BRDA:216,14,1,25
BRDA:268,15,0,0
BRDA:268,15,1,1
BRDA:271,16,0,1
BRDA:271,16,1,0
BRDA:274,17,0,0
BRDA:274,17,1,1
BRDA:295,18,0,0
BRDA:295,18,1,1
BRDA:309,19,0,0
BRDA:309,19,1,1
BRDA:323,20,0,0
BRDA:323,20,1,1
BRDA:337,21,0,0
BRDA:337,21,1,25
BRDA:359,22,0,2
BRDA:359,22,1,0
BRF:49
BRH:26
end_of_record
TN:
SF:/home/topiana-/live_projects/github/red-tetris/src/server/index.js
FN:13,initApp
FN:16,handler
FN:20,(anonymous_5)
FN:46,(anonymous_6)
FN:52,initEngine
FN:53,(anonymous_8)
FN:59,(anonymous_9)
FN:75,(anonymous_10)
FN:86,create
FN:88,(anonymous_12)
FN:90,(anonymous_13)
FN:92,stop
FN:94,(anonymous_15)
FNF:13
FNH:11
FNDA:5,initApp
FNDA:0,handler
FNDA:0,(anonymous_5)
FNDA:5,(anonymous_6)
FNDA:5,initEngine
FNDA:17,(anonymous_8)
FNDA:61,(anonymous_9)
FNDA:17,(anonymous_10)
FNDA:5,create
FNDA:5,(anonymous_12)
FNDA:5,(anonymous_13)
FNDA:5,stop
FNDA:4,(anonymous_15)
DA:17,0
DA:21,0
DA:30,0
DA:35,0
DA:63,61
DA:86,2
LF:6
LH:2
BRDA:17,1,0,0
BRDA:17,1,1,0
BRDA:17,2,0,0
BRDA:17,2,1,0
BRDA:19,3,0,0
BRDA:19,3,1,0
BRDA:21,4,0,0
BRDA:21,4,1,0
BRDA:30,5,0,0
BRDA:30,5,1,0
BRDA:63,6,0,1
BRDA:63,6,1,60
BRF:12
BRH:2
end_of_record
TN:
SF:/home/topiana-/live_projects/github/red-tetris/src/server/main.js
FNF:0
FNH:0
LF:0
LH:0
BRF:0
BRH:0
end_of_record
TN:
SF:/home/topiana-/live_projects/github/red-tetris/src/server/middleware/authMiddleware.js
FN:9,(anonymous_4)
FNF:1
FNH:1
FNDA:149,(anonymous_4)
DA:11,149
DA:17,14
DA:27,13
DA:36,12
DA:51,11
DA:63,135
DA:68,17
LF:7
LH:7
BRDA:11,1,0,14
BRDA:11,1,1,135
BRDA:17,2,0,1
BRDA:17,2,1,13
BRDA:17,3,0,14
BRDA:17,3,1,14
BRDA:27,4,0,1
BRDA:27,4,1,12
BRDA:36,5,0,1
BRDA:36,5,1,11
BRDA:36,6,0,12
BRDA:36,6,1,3
BRDA:51,7,0,0
BRDA:51,7,1,11
BRDA:63,8,0,17
BRDA:63,8,1,118
BRDA:68,9,0,11
BRDA:68,9,1,6
BRF:18
BRH:17
end_of_record
TN:
SF:/home/topiana-/live_projects/github/red-tetris/src/server/middleware/blockNotAuth.js
FN:6,(anonymous_4)
FNF:1
FNH:1
FNDA:118,(anonymous_4)
DA:9,118
DA:13,46
DA:21,46
DA:30,46
DA:41,72
DA:51,47
LF:6
LH:6
BRDA:9,1,0,46
BRDA:9,1,1,72
BRDA:9,2,0,118
BRDA:9,2,1,118
BRDA:13,3,0,0
BRDA:13,3,1,46
BRDA:13,4,0,46
BRDA:13,4,1,46
BRDA:13,4,2,46
BRDA:13,4,3,33
BRDA:13,4,4,2
BRDA:21,5,0,0
BRDA:21,5,1,46
BRDA:30,6,0,0
BRDA:30,6,1,46
BRDA:41,7,0,47
BRDA:41,7,1,25
BRDA:41,8,0,72
BRDA:41,8,1,72
BRDA:41,8,2,72
BRDA:51,9,0,36
BRDA:51,9,1,11
BRF:22
BRH:19
end_of_record
TN:
SF:/home/topiana-/live_projects/github/red-tetris/src/server/middleware/highScore.js
FN:5,(anonymous_4)
FNF:1
FNH:1
FNDA:118,(anonymous_4)
DA:8,118
DA:10,2
DA:16,2
LF:3
LH:3
BRDA:8,1,0,2
BRDA:8,1,1,116
BRDA:10,2,0,0
BRDA:10,2,1,2
BRDA:10,3,0,2
BRDA:10,3,1,2
BRDA:10,3,2,2
BRDA:16,4,0,2
BRDA:16,4,1,0
BRF:9
BRH:7
end_of_record
TN:
SF:/home/topiana-/live_projects/github/red-tetris/src/server/middleware/lobbyCast.js
FN:4,(anonymous_4)
FNF:1
FNH:1
FNDA:118,(anonymous_4)
DA:7,118
DA:9,1
LF:2
LH:2
BRDA:7,1,0,1
BRDA:7,1,1,117
BRDA:7,2,0,118
BRDA:7,2,1,118
BRDA:9,3,0,0
BRDA:9,3,1,1
BRDA:16,4,0,4
BRDA:16,4,1,4
BRF:8
BRH:7
end_of_record
TN:
SF:/home/topiana-/live_projects/github/red-tetris/src/server/middleware/synchLobby.js
FN:14,(anonymous_4)
FN:31,(anonymous_5)
FN:59,(anonymous_6)
FNF:3
FNH:3
FNDA:118,(anonymous_4)
FNDA:129,(anonymous_5)
FNDA:40,(anonymous_6)
DA:15,118
DA:50,16
LF:2
LH:2
BRDA:27,1,0,22
BRDA:27,1,1,25
BRDA:50,2,0,0
BRDA:50,2,1,16
BRDA:50,3,0,16
BRDA:50,3,1,16
BRF:6
BRH:5
end_of_record
TN:
SF:/home/topiana-/live_projects/github/red-tetris/src/server/reducers/index.js
FNF:0
FNH:0
LF:0
LH:0
BRF:0
BRH:0
end_of_record
TN:
SF:/home/topiana-/live_projects/github/red-tetris/src/server/reducers/tetris.js
FN:18,reducer
FNF:1
FNH:1
FNDA:121,reducer
DA:28,11
DA:50,11
DA:61,2
DA:75,13
DA:98,31
DA:102,29
LF:6
LH:6
BRDA:18,1,0,118
BRDA:18,1,1,3
BRDA:18,2,0,121
BRDA:18,2,1,121
BRDA:23,3,0,11
BRDA:23,3,1,11
BRDA:23,3,2,2
BRDA:23,3,3,13
BRDA:23,3,4,9
BRDA:23,3,5,31
BRDA:23,3,6,44
BRDA:28,4,0,9
BRDA:28,4,1,2
BRDA:50,5,0,0
BRDA:50,5,1,11
BRDA:61,6,0,0
BRDA:61,6,1,2
BRDA:75,7,0,0
BRDA:75,7,1,13
BRDA:98,8,0,2
BRDA:98,8,1,29
BRDA:98,9,0,31
BRDA:98,9,1,31
BRDA:102,10,0,0
BRDA:102,10,1,29
BRF:25
BRH:21
end_of_record
TN:
SF:/home/topiana-/live_projects/github/red-tetris/src/server/reducers/users.js
FN:3,reducer
FNF:1
FNH:1
FNDA:121,reducer
LF:0
LH:0
BRDA:3,1,0,118
BRDA:3,1,1,3
BRDA:3,2,0,121
BRDA:3,2,1,121
BRDA:6,3,0,11
BRDA:6,3,1,11
BRDA:6,3,2,99
BRF:7
BRH:7
end_of_record
TN:
SF:/home/topiana-/live_projects/github/red-tetris/src/server/services/Leaderboard.js
FN:36,(anonymous_12)
FN:40,(anonymous_13)
FN:54,(anonymous_15)
FN:57,(anonymous_16)
FN:64,(anonymous_18)
FN:72,(anonymous_20)
FNF:6
FNH:2
FNDA:1,(anonymous_12)
FNDA:0,(anonymous_13)
FNDA:0,(anonymous_15)
FNDA:0,(anonymous_16)
FNDA:0,(anonymous_18)
FNDA:1,(anonymous_20)
DA:17,2
DA:41,0
LF:2
LH:1
BRDA:17,1,0,2
BRDA:17,1,1,0
BRDA:41,2,0,0
BRDA:41,2,1,0
BRF:4
BRH:1
end_of_record
TN:
SF:/home/topiana-/live_projects/github/red-tetris/src/server/services/Queue.js
FN:18,(anonymous_9)
FNF:1
FNH:1
FNDA:37,(anonymous_9)
DA:16,50
DA:26,87
LF:2
LH:2
BRDA:16,1,0,37
BRDA:16,1,1,13
BRDA:26,2,0,50
BRDA:26,2,1,37
BRF:4
BRH:4
end_of_record
TN:
SF:/home/topiana-/live_projects/github/red-tetris/src/server/services/SocketHub.js
FNF:0
FNH:0
DA:9,17
DA:27,17
DA:44,11
DA:62,0
DA:78,137
LF:5
LH:4
BRDA:9,1,0,0
BRDA:9,1,1,17
BRDA:27,2,0,0
BRDA:27,2,1,17
BRDA:44,3,0,0
BRDA:44,3,1,11
BRDA:62,4,0,0
BRDA:62,4,1,0
BRDA:78,5,0,0
BRDA:78,5,1,137
BRDA:94,6,0,191
BRDA:94,6,1,173
BRF:12
BRH:6
end_of_record
TN:
SF:/home/topiana-/live_projects/github/red-tetris/src/server/services/Store.js
FNF:0
FNH:0
LF:0
LH:0
BRF:0
BRH:0
end_of_record
TN:
SF:/home/topiana-/live_projects/github/red-tetris/src/tetris/actions/grid.js
FN:9,newgrid
FN:16,newblock
FN:23,collapse
FN:29,tostatic
FN:35,shot
FN:42,penality
FNF:6
FNH:4
FNDA:0,newgrid
FNDA:25,newblock
FNDA:25,collapse
FNDA:25,tostatic
FNDA:0,shot
FNDA:1,penality
LF:0
LH:0
BRF:0
BRH:0
end_of_record
TN:
SF:/home/topiana-/live_projects/github/red-tetris/src/tetris/actions/moves.js
FN:9,shiftdown
FN:16,shiftleft
FN:22,shiftright
FN:28,rotate
FN:34,megafall
FNF:5
FNH:5
FNDA:1,shiftdown
FNDA:1,shiftleft
FNDA:1,shiftright
FNDA:1,rotate
FNDA:25,megafall
LF:0
LH:0
BRF:0
BRH:0
end_of_record
TN:
SF:/home/topiana-/live_projects/github/red-tetris/src/tetris/blocks.js
FN:55,produceBlock
FNF:1
FNH:1
FNDA:84,produceBlock
DA:55,2
DA:56,84
LF:2
LH:2
BRDA:56,1,0,0
BRDA:56,1,1,84
BRF:2
BRH:1
end_of_record
TN:
SF:/home/topiana-/live_projects/github/red-tetris/src/tetris/gridManip.js
FN:61,newgrid
FN:68,st
FN:84,(anonymous_11)
FN:98,(anonymous_12)
FN:111,nb
FN:120,sd
FN:146,sl
FN:156,sr
FN:166,rr
FN:203,mf
FN:220,cl
FN:246,ts
FN:265,pn
FN:277,isValidPosition
FN:300,isValidBlock
FN:320,isValidSpawn
FN:355,checkLines
FN:375,calculateScore
FNF:18
FNH:14
FNDA:34,newgrid
FNDA:0,st
FNDA:0,(anonymous_11)
FNDA:0,(anonymous_12)
FNDA:84,nb
FNDA:3,sd
FNDA:3,sl
FNDA:3,sr
FNDA:3,rr
FNDA:75,mf
FNDA:50,cl
FNDA:50,ts
FNDA:1,pn
FNDA:981,isValidPosition
FNDA:3,isValidBlock
FNDA:0,isValidSpawn
FNDA:25,checkLines
FNDA:25,calculateScore
DA:13,1
DA:61,2
DA:63,34
DA:68,2
DA:74,0
DA:77,0
DA:78,0
DA:79,0
DA:87,0
DA:88,0
DA:89,0
DA:99,0
DA:101,0
DA:111,2
DA:113,84
DA:120,2
DA:122,3
DA:146,2
DA:148,3
DA:156,2
DA:158,3
DA:166,2
DA:168,3
DA:176,3
DA:177,9
DA:191,3
DA:195,3
DA:203,2
DA:207,75
DA:208,75
DA:220,2
DA:231,50
DA:246,2
DA:250,50
DA:252,50
DA:253,156
DA:254,522
DA:265,2
DA:267,1
DA:277,2
DA:280,981
DA:281,2993
DA:282,10032
DA:285,3822
DA:300,2
DA:302,3
DA:303,9
DA:304,27
DA:307,12
DA:320,2
DA:322,0
DA:328,0
DA:333,0
DA:334,0
DA:335,0
DA:340,0
DA:355,2
DA:375,2
LF:58
LH:43
BRDA:63,1,0,0
BRDA:63,1,1,34
BRDA:63,2,0,34
BRDA:63,2,1,34
BRDA:74,3,0,0
BRDA:74,3,1,0
BRDA:79,4,0,0
BRDA:79,4,1,0
BRDA:87,5,0,0
BRDA:87,5,1,0
BRDA:88,6,0,0
BRDA:88,6,1,0
BRDA:99,7,0,0
BRDA:99,7,1,0
BRDA:101,8,0,0
BRDA:101,8,1,0
BRDA:113,9,0,0
BRDA:113,9,1,84
BRDA:122,10,0,0
BRDA:122,10,1,3
BRDA:148,11,0,0
BRDA:148,11,1,3
BRDA:158,12,0,0
BRDA:158,12,1,3
BRDA:168,13,0,0
BRDA:168,13,1,3
BRDA:195,14,0,3
BRDA:195,14,1,0
BRDA:207,15,0,75
BRDA:207,15,1,0
BRDA:231,16,0,0
BRDA:231,16,1,50
BRDA:250,17,0,50
BRDA:250,17,1,0
BRDA:254,18,0,200
BRDA:254,18,1,322
BRDA:267,19,0,0
BRDA:267,19,1,1
BRDA:282,20,0,3822
BRDA:282,20,1,6210
BRDA:285,21,0,77
BRDA:285,21,1,3745
BRDA:286,22,0,3822
BRDA:286,22,1,3822
BRDA:286,22,2,3822
BRDA:286,22,3,3807
BRDA:286,22,4,3807
BRDA:304,23,0,12
BRDA:304,23,1,15
BRDA:307,24,0,0
BRDA:307,24,1,12
BRDA:308,25,0,12
BRDA:308,25,1,12
BRDA:308,25,2,12
BRDA:322,26,0,0
BRDA:322,26,1,0
BRDA:328,27,0,0
BRDA:328,27,1,0
BRDA:328,28,0,0
BRDA:328,28,1,0
BRDA:328,28,2,0
BRDA:335,29,0,0
BRDA:335,29,1,0
BRDA:340,30,0,0
BRDA:340,30,1,0
BRDA:341,31,0,0
BRDA:341,31,1,0
BRDA:341,31,2,0
BRDA:341,31,3,0
BRDA:341,31,4,0
BRF:70
BRH:30
end_of_record
TN:
SF:/home/topiana-/live_projects/github/red-tetris/src/tetris/Randomizer.js
FN:1,mulberry32
FN:2,(anonymous_2)
FN:12,Randomizer
FN:17,shuffle
FN:24,next
FNF:5
FNH:5
FNDA:17,mulberry32
FNDA:114,(anonymous_2)
FNDA:17,Randomizer
FNDA:19,shuffle
FNDA:59,next
DA:1,2
DA:12,2
DA:17,2
DA:18,19
DA:20,114
DA:24,2
DA:25,59
LF:7
LH:7
BRDA:25,1,0,19
BRDA:25,1,1,40
BRF:2
BRH:2
end_of_record
